<?xml version="1.0" encoding="UTF-8"?>
<!-- Generated by org.testng.reporters.JUnitReportReporter -->
<testsuite hostname="DESKTOP-GRBAGJJ" failures="0" tests="4" name="org.execute.TestScriptTestngdemo" time="0.017" errors="0" timestamp="2024-12-02T20:29:41 GMT-08:00" skipped="0">
  <testcase classname="org.execute.TestScriptTestngdemo" name="tc03" time="0.002"/>
  <system-out/>
  <testcase classname="org.execute.TestScriptTestngdemo" name="tc01" time="0.012"/>
  <system-out/>
  <testcase classname="org.execute.TestScriptTestngdemo" name="tc02" time="0.001"/>
  <system-out/>
  <testcase classname="org.execute.TestScriptTestngdemo" name="tc04" time="0.002"/>
  <system-out/>
</testsuite> <!-- org.execute.TestScriptTestngdemo -->
